# JRE version: OpenJDK Runtime Environment Temurin-17.0.7+7 (17.0.7+7) (build 17.0.7+7)
# Java VM: OpenJDK 64-Bit Server VM Temurin-17.0.7+7 (17.0.7+7, mixed mode, sharing, tiered, compressed oops, compressed class ptrs, g1 gc, windows-amd64)
GC Precious Log:
 CPUs: 8 total, 8 available
 Memory: 8013M
 Large Page Support: Disabled
 NUMA Support: Disabled
 Compressed Oops: Enabled (32-bit)
 Heap Region Size: 1M
 Heap Min Capacity: 8M
 Heap Initial Capacity: 126M
 Heap Max Capacity: 2G
 Pre-touch: Disabled
 Parallel Workers: 8
 Concurrent Workers: 2
 Concurrent Refinement Workers: 8
 Periodic GC: Disabled
Heap:
 garbage-first heap   total 171008K, used 105386K [0x0000000080000000, 0x0000000100000000)
  region size 1024K, 12 young (12288K), 3 survivors (3072K)
 Metaspace       used 81694K, committed 82496K, reserved 557056K
  class space    used 11429K, committed 11776K, reserved 425984K
GC Heap History (20 events):
Event: 28.814 GC heap before
{Heap before GC invocations=30 (full 0):
 garbage-first heap   total 128000K, used 111085K [0x0000000080000000, 0x0000000100000000)
  region size 1024K, 38 young (38912K), 2 survivors (2048K)
 Metaspace       used 68936K, committed 69632K, reserved 491520K
  class space    used 9460K, committed 9792K, reserved 425984K
}
Event: 28.819 GC heap after
{Heap after GC invocations=31 (full 0):
 garbage-first heap   total 128000K, used 73608K [0x0000000080000000, 0x0000000100000000)
  region size 1024K, 5 young (5120K), 5 survivors (5120K)
 Metaspace       used 68936K, committed 69632K, reserved 491520K
  class space    used 9460K, committed 9792K, reserved 425984K
}
Event: 28.834 GC heap before
{Heap before GC invocations=31 (full 0):
 garbage-first heap   total 128000K, used 73608K [0x0000000080000000, 0x0000000100000000)
  region size 1024K, 6 young (6144K), 5 survivors (5120K)
 Metaspace       used 69062K, committed 69760K, reserved 491520K
  class space    used 9478K, committed 9792K, reserved 425984K
}
Event: 28.838 GC heap after
{Heap after GC invocations=32 (full 0):
 garbage-first heap   total 128000K, used 73176K [0x0000000080000000, 0x0000000100000000)
  region size 1024K, 1 young (1024K), 1 survivors (1024K)
 Metaspace       used 69062K, committed 69760K, reserved 491520K
  class space    used 9478K, committed 9792K, reserved 425984K
}
Event: 29.228 GC heap before
{Heap before GC invocations=32 (full 0):
 garbage-first heap   total 128000K, used 101848K [0x0000000080000000, 0x0000000100000000)
  region size 1024K, 29 young (29696K), 1 survivors (1024K)
 Metaspace       used 71728K, committed 72384K, reserved 491520K
  class space    used 9800K, committed 10112K, reserved 425984K
}
Event: 29.231 GC heap after
{Heap after GC invocations=33 (full 0):
 garbage-first heap   total 128000K, used 74964K [0x0000000080000000, 0x0000000100000000)
  region size 1024K, 3 young (3072K), 3 survivors (3072K)
 Metaspace       used 71728K, committed 72384K, reserved 491520K
  class space    used 9800K, committed 10112K, reserved 425984K
}
Event: 29.582 GC heap before
{Heap before GC invocations=33 (full 0):
 garbage-first heap   total 128000K, used 103636K [0x0000000080000000, 0x0000000100000000)
  region size 1024K, 30 young (30720K), 3 survivors (3072K)
 Metaspace       used 72879K, committed 73600K, reserved 491520K
  class space    used 9987K, committed 10304K, reserved 425984K
}
Event: 29.586 GC heap after
{Heap after GC invocations=34 (full 0):
 garbage-first heap   total 128000K, used 76434K [0x0000000080000000, 0x0000000100000000)
  region size 1024K, 4 young (4096K), 4 survivors (4096K)
 Metaspace       used 72879K, committed 73600K, reserved 491520K
  class space    used 9987K, committed 10304K, reserved 425984K
}
Event: 36.848 GC heap before
{Heap before GC invocations=34 (full 0):
 garbage-first heap   total 128000K, used 104082K [0x0000000080000000, 0x0000000100000000)
  region size 1024K, 31 young (31744K), 4 survivors (4096K)
 Metaspace       used 73247K, committed 73920K, reserved 491520K
  class space    used 10035K, committed 10304K, reserved 425984K
}
Event: 36.854 GC heap after
{Heap after GC invocations=35 (full 0):
 garbage-first heap   total 128000K, used 79808K [0x0000000080000000, 0x0000000100000000)
  region size 1024K, 4 young (4096K), 4 survivors (4096K)
 Metaspace       used 73247K, committed 73920K, reserved 491520K
  class space    used 10035K, committed 10304K, reserved 425984K
}
Event: 37.427 GC heap before
{Heap before GC invocations=35 (full 0):
 garbage-first heap   total 128000K, used 104384K [0x0000000080000000, 0x0000000100000000)
  region size 1024K, 29 young (29696K), 4 survivors (4096K)
 Metaspace       used 76319K, committed 76992K, reserved 557056K
  class space    used 10542K, committed 10816K, reserved 425984K
}
Event: 37.431 GC heap after
{Heap after GC invocations=36 (full 0):
 garbage-first heap   total 128000K, used 81732K [0x0000000080000000, 0x0000000100000000)
  region size 1024K, 2 young (2048K), 2 survivors (2048K)
 Metaspace       used 76319K, committed 76992K, reserved 557056K
  class space    used 10542K, committed 10816K, reserved 425984K
}
Event: 37.948 GC heap before
{Heap before GC invocations=36 (full 0):
 garbage-first heap   total 128000K, used 105284K [0x0000000080000000, 0x0000000100000000)
  region size 1024K, 25 young (25600K), 2 survivors (2048K)
 Metaspace       used 78816K, committed 79488K, reserved 557056K
  class space    used 10986K, committed 11264K, reserved 425984K
}
Event: 37.954 GC heap after
{Heap after GC invocations=37 (full 0):
 garbage-first heap   total 128000K, used 83049K [0x0000000080000000, 0x0000000100000000)
  region size 1024K, 3 young (3072K), 3 survivors (3072K)
 Metaspace       used 78816K, committed 79488K, reserved 557056K
  class space    used 10986K, committed 11264K, reserved 425984K
}
Event: 38.344 GC heap before
{Heap before GC invocations=37 (full 0):
 garbage-first heap   total 128000K, used 106601K [0x0000000080000000, 0x0000000100000000)
  region size 1024K, 26 young (26624K), 3 survivors (3072K)
 Metaspace       used 79822K, committed 80512K, reserved 557056K
  class space    used 11135K, committed 11456K, reserved 425984K
}
Event: 38.349 GC heap after
{Heap after GC invocations=38 (full 0):
 garbage-first heap   total 128000K, used 85454K [0x0000000080000000, 0x0000000100000000)
  region size 1024K, 4 young (4096K), 4 survivors (4096K)
 Metaspace       used 79822K, committed 80512K, reserved 557056K
  class space    used 11135K, committed 11456K, reserved 425984K
}
Event: 38.967 GC heap before
{Heap before GC invocations=38 (full 0):
 garbage-first heap   total 128000K, used 112078K [0x0000000080000000, 0x0000000100000000)
  region size 1024K, 25 young (25600K), 4 survivors (4096K)
 Metaspace       used 80708K, committed 81472K, reserved 557056K
  class space    used 11242K, committed 11584K, reserved 425984K
}
Event: 38.973 GC heap after
{Heap after GC invocations=39 (full 0):
 garbage-first heap   total 128000K, used 95131K [0x0000000080000000, 0x0000000100000000)
  region size 1024K, 4 young (4096K), 4 survivors (4096K)
 Metaspace       used 80708K, committed 81472K, reserved 557056K
  class space    used 11242K, committed 11584K, reserved 425984K
}
Event: 39.130 GC heap before
{Heap before GC invocations=39 (full 0):
 garbage-first heap   total 128000K, used 108443K [0x0000000080000000, 0x0000000100000000)
  region size 1024K, 17 young (17408K), 4 survivors (4096K)
 Metaspace       used 81230K, committed 81984K, reserved 557056K
  class space    used 11330K, committed 11648K, reserved 425984K
}
Event: 39.135 GC heap after
{Heap after GC invocations=40 (full 0):
 garbage-first heap   total 128000K, used 97194K [0x0000000080000000, 0x0000000100000000)
  region size 1024K, 3 young (3072K), 3 survivors (3072K)
 Metaspace       used 81230K, committed 81984K, reserved 557056K
  class space    used 11330K, committed 11648K, reserved 425984K
}

